[0.196s] DEBUG:colcon:Command line arguments: ['/usr/bin/colcon', 'build', '--symlink-install']
[0.197s] DEBUG:colcon:Parsed command line arguments: Namespace(allow_overriding=[], ament_cmake_args=None, base_paths=['.'], build_base='build', catkin_cmake_args=None, catkin_skip_building_tests=False, cmake_args=None, cmake_clean_cache=False, cmake_clean_first=False, cmake_force_configure=False, cmake_target=None, cmake_target_skip_unavailable=False, continue_on_error=False, event_handlers=None, executor='parallel', ignore_user_meta=False, install_base='install', log_base=None, log_level=None, main=<bound method BuildVerb.main of <colcon_core.verb.build.BuildVerb object at 0x7fb204feb820>>, merge_install=False, metas=['./colcon.meta'], packages_above=None, packages_above_and_dependencies=None, packages_above_depth=None, packages_end=None, packages_ignore=None, packages_ignore_regex=None, packages_select=None, packages_select_build_failed=False, packages_select_by_dep=None, packages_select_regex=None, packages_select_test_failures=False, packages_skip=None, packages_skip_build_finished=False, packages_skip_by_dep=None, packages_skip_regex=None, packages_skip_test_passed=False, packages_skip_up_to=None, packages_start=None, packages_up_to=None, packages_up_to_regex=None, parallel_workers=24, paths=None, symlink_install=True, test_result_base=None, verb_extension=<colcon_core.verb.build.BuildVerb object at 0x7fb204feb820>, verb_name='build', verb_parser=<colcon_defaults.argument_parser.defaults.DefaultArgumentsDecorator object at 0x7fb204febd90>)
[0.213s] Level 1:colcon.colcon_core.package_discovery:discover_packages(colcon_meta) check parameters
[0.213s] Level 1:colcon.colcon_core.package_discovery:discover_packages(recursive) check parameters
[0.213s] Level 1:colcon.colcon_core.package_discovery:discover_packages(ignore) check parameters
[0.213s] Level 1:colcon.colcon_core.package_discovery:discover_packages(path) check parameters
[0.213s] Level 1:colcon.colcon_core.package_discovery:discover_packages(colcon_meta) discover
[0.213s] Level 1:colcon.colcon_core.package_discovery:discover_packages(recursive) discover
[0.213s] INFO:colcon.colcon_core.package_discovery:Crawling recursively for packages in '/home/imaps/rosx3-new'
[0.213s] Level 1:colcon.colcon_core.package_identification:_identify(.) by extensions ['ignore', 'ignore_ament_install']
[0.213s] Level 1:colcon.colcon_core.package_identification:_identify(.) by extension 'ignore'
[0.213s] Level 1:colcon.colcon_core.package_identification:_identify(.) by extension 'ignore_ament_install'
[0.213s] Level 1:colcon.colcon_core.package_identification:_identify(.) by extensions ['colcon_pkg']
[0.213s] Level 1:colcon.colcon_core.package_identification:_identify(.) by extension 'colcon_pkg'
[0.213s] Level 1:colcon.colcon_core.package_identification:_identify(.) by extensions ['colcon_meta']
[0.213s] Level 1:colcon.colcon_core.package_identification:_identify(.) by extension 'colcon_meta'
[0.213s] Level 1:colcon.colcon_core.package_identification:_identify(.) by extensions ['ros']
[0.213s] Level 1:colcon.colcon_core.package_identification:_identify(.) by extension 'ros'
[0.226s] DEBUG:colcon.colcon_core.package_identification:Package '.' with type 'ros.ament_cmake' and name 'rosx3-new'
[0.226s] Level 1:colcon.colcon_core.package_discovery:discover_packages(recursive) using defaults
[0.226s] Level 1:colcon.colcon_core.package_discovery:discover_packages(ignore) discover
[0.226s] Level 1:colcon.colcon_core.package_discovery:discover_packages(ignore) using defaults
[0.226s] Level 1:colcon.colcon_core.package_discovery:discover_packages(path) discover
[0.226s] Level 1:colcon.colcon_core.package_discovery:discover_packages(path) using defaults
[0.238s] Level 1:colcon.colcon_core.package_discovery:discover_packages(prefix_path) check parameters
[0.238s] Level 1:colcon.colcon_core.package_discovery:discover_packages(prefix_path) discover
[0.240s] DEBUG:colcon.colcon_installed_package_information.package_discovery:Found 1 installed packages in /home/imaps/rosx3-new/install
[0.241s] DEBUG:colcon.colcon_installed_package_information.package_discovery:Found 335 installed packages in /opt/ros/foxy
[0.242s] Level 1:colcon.colcon_core.package_discovery:discover_packages(prefix_path) using defaults
[0.289s] Level 5:colcon.colcon_core.verb:set package 'rosx3-new' build argument 'cmake_args' from command line to 'None'
[0.289s] Level 5:colcon.colcon_core.verb:set package 'rosx3-new' build argument 'cmake_target' from command line to 'None'
[0.289s] Level 5:colcon.colcon_core.verb:set package 'rosx3-new' build argument 'cmake_target_skip_unavailable' from command line to 'False'
[0.289s] Level 5:colcon.colcon_core.verb:set package 'rosx3-new' build argument 'cmake_clean_cache' from command line to 'False'
[0.289s] Level 5:colcon.colcon_core.verb:set package 'rosx3-new' build argument 'cmake_clean_first' from command line to 'False'
[0.289s] Level 5:colcon.colcon_core.verb:set package 'rosx3-new' build argument 'cmake_force_configure' from command line to 'False'
[0.289s] Level 5:colcon.colcon_core.verb:set package 'rosx3-new' build argument 'ament_cmake_args' from command line to 'None'
[0.289s] Level 5:colcon.colcon_core.verb:set package 'rosx3-new' build argument 'catkin_cmake_args' from command line to 'None'
[0.289s] Level 5:colcon.colcon_core.verb:set package 'rosx3-new' build argument 'catkin_skip_building_tests' from command line to 'False'
[0.289s] DEBUG:colcon.colcon_core.verb:Building package 'rosx3-new' with the following arguments: {'ament_cmake_args': None, 'build_base': '/home/imaps/rosx3-new/build/rosx3-new', 'catkin_cmake_args': None, 'catkin_skip_building_tests': False, 'cmake_args': None, 'cmake_clean_cache': False, 'cmake_clean_first': False, 'cmake_force_configure': False, 'cmake_target': None, 'cmake_target_skip_unavailable': False, 'install_base': '/home/imaps/rosx3-new/install/rosx3-new', 'merge_install': False, 'path': '/home/imaps/rosx3-new', 'symlink_install': True, 'test_result_base': None}
[0.289s] INFO:colcon.colcon_core.executor:Executing jobs using 'parallel' executor
[0.291s] DEBUG:colcon.colcon_parallel_executor.executor.parallel:run_until_complete
[0.291s] INFO:colcon.colcon_ros.task.ament_cmake.build:Building ROS package in '/home/imaps/rosx3-new' with build type 'ament_cmake'
[0.291s] INFO:colcon.colcon_cmake.task.cmake.build:Building CMake package in '/home/imaps/rosx3-new'
[0.294s] INFO:colcon.colcon_core.plugin_system:Skipping extension 'colcon_core.shell.bat': Not used on non-Windows systems
[0.294s] INFO:colcon.colcon_core.shell:Skip shell extension 'powershell' for command environment: Not usable outside of PowerShell
[0.294s] DEBUG:colcon.colcon_core.shell:Skip shell extension 'dsv' for command environment
[0.302s] DEBUG:colcon.colcon_core.event_handler.log_command:Invoking command in '/home/imaps/rosx3-new/build/rosx3-new': CMAKE_PREFIX_PATH=${CMAKE_PREFIX_PATH}:/opt/ros/foxy /usr/bin/cmake --build /home/imaps/rosx3-new/build/rosx3-new -- -j24 -l24
[0.324s] DEBUG:colcon.colcon_core.event_handler.log_command:Invoked command in '/home/imaps/rosx3-new/build/rosx3-new' returned '0': CMAKE_PREFIX_PATH=${CMAKE_PREFIX_PATH}:/opt/ros/foxy /usr/bin/cmake --build /home/imaps/rosx3-new/build/rosx3-new -- -j24 -l24
[0.341s] DEBUG:colcon.colcon_core.event_handler.log_command:Invoking command in '/home/imaps/rosx3-new/build/rosx3-new': CMAKE_PREFIX_PATH=${CMAKE_PREFIX_PATH}:/opt/ros/foxy /usr/bin/cmake --install /home/imaps/rosx3-new/build/rosx3-new
[0.356s] Level 1:colcon.colcon_core.environment:create_environment_scripts_only(rosx3-new)
[0.357s] DEBUG:colcon.colcon_core.event_handler.log_command:Invoked command in '/home/imaps/rosx3-new/build/rosx3-new' returned '0': CMAKE_PREFIX_PATH=${CMAKE_PREFIX_PATH}:/opt/ros/foxy /usr/bin/cmake --install /home/imaps/rosx3-new/build/rosx3-new
[0.360s] Level 1:colcon.colcon_core.environment:checking '/home/imaps/rosx3-new/install/rosx3-new' for CMake module files
[0.360s] Level 1:colcon.colcon_core.environment:checking '/home/imaps/rosx3-new/install/rosx3-new' for CMake config files
[0.360s] Level 1:colcon.colcon_core.shell:create_environment_hook('rosx3-new', 'cmake_prefix_path')
[0.361s] INFO:colcon.colcon_core.shell:Creating environment hook '/home/imaps/rosx3-new/install/rosx3-new/share/rosx3-new/hook/cmake_prefix_path.ps1'
[0.362s] INFO:colcon.colcon_core.shell:Creating environment descriptor '/home/imaps/rosx3-new/install/rosx3-new/share/rosx3-new/hook/cmake_prefix_path.dsv'
[0.362s] INFO:colcon.colcon_core.shell:Creating environment hook '/home/imaps/rosx3-new/install/rosx3-new/share/rosx3-new/hook/cmake_prefix_path.sh'
[0.363s] Level 1:colcon.colcon_core.environment:checking '/home/imaps/rosx3-new/install/rosx3-new/bin'
[0.363s] Level 1:colcon.colcon_core.environment:checking '/home/imaps/rosx3-new/install/rosx3-new/lib/pkgconfig/rosx3-new.pc'
[0.363s] Level 1:colcon.colcon_core.environment:checking '/home/imaps/rosx3-new/install/rosx3-new/lib/python3.8/site-packages'
[0.363s] Level 1:colcon.colcon_core.environment:checking '/home/imaps/rosx3-new/install/rosx3-new/bin'
[0.364s] INFO:colcon.colcon_core.shell:Creating package script '/home/imaps/rosx3-new/install/rosx3-new/share/rosx3-new/package.ps1'
[0.364s] INFO:colcon.colcon_core.shell:Creating package descriptor '/home/imaps/rosx3-new/install/rosx3-new/share/rosx3-new/package.dsv'
[0.365s] INFO:colcon.colcon_core.shell:Creating package script '/home/imaps/rosx3-new/install/rosx3-new/share/rosx3-new/package.sh'
[0.365s] INFO:colcon.colcon_core.shell:Creating package script '/home/imaps/rosx3-new/install/rosx3-new/share/rosx3-new/package.bash'
[0.365s] INFO:colcon.colcon_core.shell:Creating package script '/home/imaps/rosx3-new/install/rosx3-new/share/rosx3-new/package.zsh'
[0.366s] Level 1:colcon.colcon_core.environment:create_file_with_runtime_dependencies(/home/imaps/rosx3-new/install/rosx3-new/share/colcon-core/packages/rosx3-new)
[0.377s] Level 1:colcon.colcon_core.environment:create_environment_scripts_only(rosx3-new)
[0.379s] Level 1:colcon.colcon_core.environment:checking '/home/imaps/rosx3-new/install/rosx3-new' for CMake module files
[0.379s] Level 1:colcon.colcon_core.environment:checking '/home/imaps/rosx3-new/install/rosx3-new' for CMake config files
[0.379s] Level 1:colcon.colcon_core.shell:create_environment_hook('rosx3-new', 'cmake_prefix_path')
[0.380s] INFO:colcon.colcon_core.shell:Creating environment hook '/home/imaps/rosx3-new/install/rosx3-new/share/rosx3-new/hook/cmake_prefix_path.ps1'
[0.380s] INFO:colcon.colcon_core.shell:Creating environment descriptor '/home/imaps/rosx3-new/install/rosx3-new/share/rosx3-new/hook/cmake_prefix_path.dsv'
[0.380s] INFO:colcon.colcon_core.shell:Creating environment hook '/home/imaps/rosx3-new/install/rosx3-new/share/rosx3-new/hook/cmake_prefix_path.sh'
[0.381s] Level 1:colcon.colcon_core.environment:checking '/home/imaps/rosx3-new/install/rosx3-new/bin'
[0.381s] Level 1:colcon.colcon_core.environment:checking '/home/imaps/rosx3-new/install/rosx3-new/lib/pkgconfig/rosx3-new.pc'
[0.381s] Level 1:colcon.colcon_core.environment:checking '/home/imaps/rosx3-new/install/rosx3-new/lib/python3.8/site-packages'
[0.381s] Level 1:colcon.colcon_core.environment:checking '/home/imaps/rosx3-new/install/rosx3-new/bin'
[0.382s] INFO:colcon.colcon_core.shell:Creating package script '/home/imaps/rosx3-new/install/rosx3-new/share/rosx3-new/package.ps1'
[0.382s] INFO:colcon.colcon_core.shell:Creating package descriptor '/home/imaps/rosx3-new/install/rosx3-new/share/rosx3-new/package.dsv'
[0.382s] INFO:colcon.colcon_core.shell:Creating package script '/home/imaps/rosx3-new/install/rosx3-new/share/rosx3-new/package.sh'
[0.383s] INFO:colcon.colcon_core.shell:Creating package script '/home/imaps/rosx3-new/install/rosx3-new/share/rosx3-new/package.bash'
[0.383s] INFO:colcon.colcon_core.shell:Creating package script '/home/imaps/rosx3-new/install/rosx3-new/share/rosx3-new/package.zsh'
[0.383s] Level 1:colcon.colcon_core.environment:create_file_with_runtime_dependencies(/home/imaps/rosx3-new/install/rosx3-new/share/colcon-core/packages/rosx3-new)
[0.383s] DEBUG:colcon.colcon_parallel_executor.executor.parallel:closing loop
[0.384s] DEBUG:colcon.colcon_parallel_executor.executor.parallel:loop closed
[0.384s] DEBUG:colcon.colcon_parallel_executor.executor.parallel:run_until_complete finished with '0'
[0.384s] DEBUG:colcon.colcon_core.event_reactor:joining thread
[0.387s] INFO:colcon.colcon_core.plugin_system:Skipping extension 'colcon_notification.desktop_notification.terminal_notifier': Not used on non-Darwin systems
[0.387s] INFO:colcon.colcon_core.plugin_system:Skipping extension 'colcon_notification.desktop_notification.win32': Not used on non-Windows systems
[0.387s] INFO:colcon.colcon_notification.desktop_notification:Sending desktop notification using 'notify2'
[0.396s] DEBUG:colcon.colcon_core.event_reactor:joined thread
[0.397s] INFO:colcon.colcon_core.shell:Creating prefix script '/home/imaps/rosx3-new/install/local_setup.ps1'
[0.398s] INFO:colcon.colcon_core.shell:Creating prefix util module '/home/imaps/rosx3-new/install/_local_setup_util_ps1.py'
[0.398s] INFO:colcon.colcon_core.shell:Creating prefix chain script '/home/imaps/rosx3-new/install/setup.ps1'
[0.399s] INFO:colcon.colcon_core.shell:Creating prefix script '/home/imaps/rosx3-new/install/local_setup.sh'
[0.399s] INFO:colcon.colcon_core.shell:Creating prefix util module '/home/imaps/rosx3-new/install/_local_setup_util_sh.py'
[0.400s] INFO:colcon.colcon_core.shell:Creating prefix chain script '/home/imaps/rosx3-new/install/setup.sh'
[0.401s] INFO:colcon.colcon_core.shell:Creating prefix script '/home/imaps/rosx3-new/install/local_setup.bash'
[0.401s] INFO:colcon.colcon_core.shell:Creating prefix chain script '/home/imaps/rosx3-new/install/setup.bash'
[0.402s] INFO:colcon.colcon_core.shell:Creating prefix script '/home/imaps/rosx3-new/install/local_setup.zsh'
[0.402s] INFO:colcon.colcon_core.shell:Creating prefix chain script '/home/imaps/rosx3-new/install/setup.zsh'
